<?xml version="1.0" encoding="UTF-8"?>
<!-- Generated by org.testng.reporters.JUnitReportReporter -->
<testsuite hostname="DESKTOP-1Q7B79B" failures="0" tests="1" name="com.FaceFirst.web.runner.RunTestNGTest" time="91.796" errors="0" timestamp="2023-01-09T17:51:39 IST" skipped="0">
  <testcase classname="com.FaceFirst.web.runner.RunTestNGTest" name="feature" time="91.796"/>
  <system-out/>
</testsuite> <!-- com.FaceFirst.web.runner.RunTestNGTest -->
