<?xml version="1.0" encoding="UTF-8"?>
<!-- Generated by org.testng.reporters.JUnitReportReporter -->
<testsuite hostname="DESKTOP-1Q7B79B" failures="0" tests="5" name="com.FaceFirst.web.runner.RunTestNGTest" time="251.148" errors="0" timestamp="2023-01-12T14:40:38 IST" skipped="0">
  <testcase classname="com.FaceFirst.web.runner.RunTestNGTest" name="feature" time="51.160"/>
  <system-out/>
  <testcase classname="com.FaceFirst.web.runner.RunTestNGTest" name="feature" time="47.578"/>
  <system-out/>
  <testcase classname="com.FaceFirst.web.runner.RunTestNGTest" name="feature" time="69.207"/>
  <system-out/>
  <testcase classname="com.FaceFirst.web.runner.RunTestNGTest" name="feature" time="14.115"/>
  <system-out/>
  <testcase classname="com.FaceFirst.web.runner.RunTestNGTest" name="feature" time="69.088"/>
  <system-out/>
</testsuite> <!-- com.FaceFirst.web.runner.RunTestNGTest -->
