<?xml version="1.0" encoding="UTF-8"?>
<!-- Generated by org.testng.reporters.JUnitReportReporter -->
<testsuite hostname="DESKTOP-KDRQDOD" failures="0" tests="1" name="com.FaceFirst.web.runner.RunTestNGTest" time="313.788" errors="0" timestamp="2023-01-12T10:43:49 IST" skipped="0">
  <testcase classname="com.FaceFirst.web.runner.RunTestNGTest" name="feature" time="313.788"/>
  <system-out/>
</testsuite> <!-- com.FaceFirst.web.runner.RunTestNGTest -->
