<?xml version="1.0" encoding="UTF-8"?>
<!-- Generated by org.testng.reporters.JUnitReportReporter -->
<testsuite hostname="DESKTOP-1Q7B79B" failures="0" tests="2" name="com.FaceFirst.web.runner.RunTestNGTest" time="157.193" errors="0" timestamp="2023-01-10T14:27:22 IST" skipped="0">
  <testcase classname="com.FaceFirst.web.runner.RunTestNGTest" name="feature" time="80.879"/>
  <system-out/>
  <testcase classname="com.FaceFirst.web.runner.RunTestNGTest" name="feature" time="76.314"/>
  <system-out/>
</testsuite> <!-- com.FaceFirst.web.runner.RunTestNGTest -->
